<?xml version="1.0" encoding="UTF-8"?>
<!-- Generated by org.testng.reporters.JUnitXMLReporter -->
<testsuite ignored="0" hostname="SUBHASHA-PC" failures="1" tests="12" name="Test" time="800.516" errors="0" timestamp="2022-08-09T15:23:55 IST">
  <testcase classname="com.hrm.testcases.HRMloginTest" name="invalidUsername" time="9.659"/>
  <testcase classname="com.hrm.testcases.HRMloginTest" name="invalidpassword" time="3.619"/>
  <testcase classname="com.hrm.testcases.HRMloginTest" name="loginHRMAdmin" time="9.73"/>
  <testcase classname="com.hrm.testcases.HRMloginTest" name="validAdminLogin" time="10.874"/>
  <testcase classname="com.hrm.testcases.ForgotPasswordTest" name="passWordRest" time="4.756">
    <failure type="java.lang.AssertionError" message="The following asserts failed:
	expected [Please contact HR admin in order to reset the password] but found [Please contact HR admin in order to reset the password
Close]">
      <![CDATA[java.lang.AssertionError: The following asserts failed:
expected [Please contact HR admin in order to reset the password] but found [Please contact HR admin in order to reset the password
Close]
at com.hrm.testcases.ForgotPasswordTest.passWordRest(ForgotPasswordTest.java:28)
at java.base/java.util.ArrayList.forEach(ArrayList.java:1511)
... Removed 29 stack frames]]>
    </failure>
  </testcase> <!-- passWordRest -->
  <testcase classname="com.hrm.testcases.DashboardTest" name="AssignLeavsLink" time="2.25"/>
  <testcase classname="com.hrm.testcases.DashboardTest" name="LeaveList" time="1.159"/>
  <testcase classname="com.hrm.testcases.JobTitlesTest" name="addJobTitles" time="17.559"/>
  <testcase classname="com.hrm.testcases.EmploymentStatusTest" name="addEmploymentStatus" time="16.591"/>
  <testcase classname="com.hrm.testcases.PayGradesTest" name="addPayGrades" time="16.305"/>
  <testcase classname="com.hrm.testcases.JobCategoryTest" name="addJobCategory" time="15.812"/>
  <testcase classname="com.hrm.testcases.WorkShiftTest" name="addWorkShift" time="20.907"/>
</testsuite> <!-- Test -->
