<?xml version="1.0" encoding="UTF-8"?>
<testng-results ignored="0" total="12" passed="11" failed="1" skipped="0">
  <reporter-output>
  </reporter-output>
  <suite started-at="2022-08-09T15:10:34 IST" name="Suite" finished-at="2022-08-09T15:23:54 IST" duration-ms="800516">
    <groups>
      <group name="Regresssion">
        <method signature="HRMloginTest.invalidUsername()[pri:0, instance:com.hrm.testcases.HRMloginTest@7a419da4]" name="invalidUsername" class="com.hrm.testcases.HRMloginTest"/>
        <method signature="HRMloginTest.loginHRMAdmin(java.lang.String,java.lang.String)[pri:0, instance:com.hrm.testcases.HRMloginTest@7a419da4]" name="loginHRMAdmin" class="com.hrm.testcases.HRMloginTest"/>
        <method signature="HRMloginTest.validAdminLogin()[pri:0, instance:com.hrm.testcases.HRMloginTest@7a419da4]" name="validAdminLogin" class="com.hrm.testcases.HRMloginTest"/>
      </group> <!-- Regresssion -->
    </groups>
    <test started-at="2022-08-09T15:10:34 IST" name="Test" finished-at="2022-08-09T15:23:54 IST" duration-ms="800516">
      <class name="com.hrm.testcases.DashboardTest">
        <test-method is-config="true" signature="setUp()[pri:0, instance:com.hrm.testcases.DashboardTest@a530d0a]" started-at="2022-08-09T15:15:21 IST" name="setUp" finished-at="2022-08-09T15:16:07 IST" duration-ms="45888" status="PASS">
          <reporter-output>
          </reporter-output>
        </test-method> <!-- setUp -->
        <test-method is-config="true" signature="beforeClass()[pri:0, instance:com.hrm.testcases.DashboardTest@a530d0a]" started-at="2022-08-09T15:16:07 IST" name="beforeClass" finished-at="2022-08-09T15:16:19 IST" duration-ms="12461" status="PASS">
          <reporter-output>
          </reporter-output>
        </test-method> <!-- beforeClass -->
        <test-method signature="AssignLeavsLink()[pri:0, instance:com.hrm.testcases.DashboardTest@a530d0a]" started-at="2022-08-09T15:16:19 IST" name="AssignLeavsLink" finished-at="2022-08-09T15:16:21 IST" duration-ms="2250" status="PASS">
          <reporter-output>
          </reporter-output>
        </test-method> <!-- AssignLeavsLink -->
        <test-method is-config="true" signature="tearDown(org.testng.ITestResult)[pri:0, instance:com.hrm.testcases.DashboardTest@a530d0a]" started-at="2022-08-09T15:16:21 IST" name="tearDown" finished-at="2022-08-09T15:16:22 IST" duration-ms="989" status="PASS">
          <params>
            <param index="0">
              <value>
                <![CDATA[[TestResult name=AssignLeavsLink status=SUCCESS method=DashboardTest.AssignLeavsLink()[pri:0, instance:com.hrm.testcases.DashboardTest@a530d0a] output={null}]]]>
              </value>
            </param>
          </params>
          <reporter-output>
          </reporter-output>
        </test-method> <!-- tearDown -->
        <test-method is-config="true" signature="setUp()[pri:0, instance:com.hrm.testcases.DashboardTest@a530d0a]" started-at="2022-08-09T15:16:22 IST" name="setUp" finished-at="2022-08-09T15:17:10 IST" duration-ms="47521" status="PASS">
          <reporter-output>
          </reporter-output>
        </test-method> <!-- setUp -->
        <test-method is-config="true" signature="beforeClass()[pri:0, instance:com.hrm.testcases.DashboardTest@a530d0a]" started-at="2022-08-09T15:17:10 IST" name="beforeClass" finished-at="2022-08-09T15:17:18 IST" duration-ms="8602" status="PASS">
          <reporter-output>
          </reporter-output>
        </test-method> <!-- beforeClass -->
        <test-method signature="LeaveList()[pri:0, instance:com.hrm.testcases.DashboardTest@a530d0a]" started-at="2022-08-09T15:17:18 IST" name="LeaveList" finished-at="2022-08-09T15:17:20 IST" duration-ms="1159" status="PASS">
          <reporter-output>
          </reporter-output>
        </test-method> <!-- LeaveList -->
        <test-method is-config="true" signature="tearDown(org.testng.ITestResult)[pri:0, instance:com.hrm.testcases.DashboardTest@a530d0a]" started-at="2022-08-09T15:17:20 IST" name="tearDown" finished-at="2022-08-09T15:17:21 IST" duration-ms="1258" status="PASS">
          <params>
            <param index="0">
              <value>
                <![CDATA[[TestResult name=LeaveList status=SUCCESS method=DashboardTest.LeaveList()[pri:0, instance:com.hrm.testcases.DashboardTest@a530d0a] output={null}]]]>
              </value>
            </param>
          </params>
          <reporter-output>
          </reporter-output>
        </test-method> <!-- tearDown -->
      </class> <!-- com.hrm.testcases.DashboardTest -->
      <class name="com.hrm.testcases.PayGradesTest">
        <test-method is-config="true" signature="setUp()[pri:0, instance:com.hrm.testcases.PayGradesTest@c88a337]" started-at="2022-08-09T15:19:46 IST" name="setUp" finished-at="2022-08-09T15:21:00 IST" duration-ms="73649" status="PASS">
          <reporter-output>
          </reporter-output>
        </test-method> <!-- setUp -->
        <test-method is-config="true" signature="login()[pri:0, instance:com.hrm.testcases.PayGradesTest@c88a337]" started-at="2022-08-09T15:21:00 IST" name="login" finished-at="2022-08-09T15:21:11 IST" duration-ms="11540" status="PASS">
          <reporter-output>
          </reporter-output>
        </test-method> <!-- login -->
        <test-method signature="addPayGrades(java.lang.String)[pri:0, instance:com.hrm.testcases.PayGradesTest@c88a337]" started-at="2022-08-09T15:21:11 IST" name="addPayGrades" data-provider="PayGrade_Data" finished-at="2022-08-09T15:21:28 IST" duration-ms="16305" status="PASS">
          <params>
            <param index="0">
              <value>
                <![CDATA[Grade-Test]]>
              </value>
            </param>
          </params>
          <reporter-output>
          </reporter-output>
        </test-method> <!-- addPayGrades -->
        <test-method is-config="true" signature="tearDown(org.testng.ITestResult)[pri:0, instance:com.hrm.testcases.PayGradesTest@c88a337]" started-at="2022-08-09T15:21:28 IST" name="tearDown" finished-at="2022-08-09T15:21:32 IST" duration-ms="4227" status="PASS">
          <params>
            <param index="0">
              <value>
                <![CDATA[[TestResult name=addPayGrades status=SUCCESS method=PayGradesTest.addPayGrades(java.lang.String)[pri:0, instance:com.hrm.testcases.PayGradesTest@c88a337] output={null}]]]>
              </value>
            </param>
          </params>
          <reporter-output>
          </reporter-output>
        </test-method> <!-- tearDown -->
      </class> <!-- com.hrm.testcases.PayGradesTest -->
      <class name="com.hrm.testcases.WorkShiftTest">
        <test-method is-config="true" signature="setUp()[pri:0, instance:com.hrm.testcases.WorkShiftTest@1de76cc7]" started-at="2022-08-09T15:22:46 IST" name="setUp" finished-at="2022-08-09T15:23:23 IST" duration-ms="36947" status="PASS">
          <reporter-output>
          </reporter-output>
        </test-method> <!-- setUp -->
        <test-method is-config="true" signature="login()[pri:0, instance:com.hrm.testcases.WorkShiftTest@1de76cc7]" started-at="2022-08-09T15:23:23 IST" name="login" finished-at="2022-08-09T15:23:33 IST" duration-ms="9562" status="PASS">
          <reporter-output>
          </reporter-output>
        </test-method> <!-- login -->
        <test-method signature="addWorkShift(java.lang.String,java.lang.String)[pri:0, instance:com.hrm.testcases.WorkShiftTest@1de76cc7]" started-at="2022-08-09T15:23:33 IST" name="addWorkShift" data-provider="Workshift_Data" finished-at="2022-08-09T15:23:53 IST" duration-ms="20907" status="PASS">
          <params>
            <param index="0">
              <value>
                <![CDATA[NightShift]]>
              </value>
            </param>
            <param index="1">
              <value>
                <![CDATA[Dominic Chase]]>
              </value>
            </param>
          </params>
          <reporter-output>
          </reporter-output>
        </test-method> <!-- addWorkShift -->
        <test-method is-config="true" signature="tearDown(org.testng.ITestResult)[pri:0, instance:com.hrm.testcases.WorkShiftTest@1de76cc7]" started-at="2022-08-09T15:23:53 IST" name="tearDown" finished-at="2022-08-09T15:23:54 IST" duration-ms="670" status="PASS">
          <params>
            <param index="0">
              <value>
                <![CDATA[[TestResult name=addWorkShift status=SUCCESS method=WorkShiftTest.addWorkShift(java.lang.String,java.lang.String)[pri:0, instance:com.hrm.testcases.WorkShiftTest@1de76cc7] output={null}]]]>
              </value>
            </param>
          </params>
          <reporter-output>
          </reporter-output>
        </test-method> <!-- tearDown -->
      </class> <!-- com.hrm.testcases.WorkShiftTest -->
      <class name="com.hrm.testcases.ForgotPasswordTest">
        <test-method is-config="true" signature="setUp()[pri:0, instance:com.hrm.testcases.ForgotPasswordTest@2f217633]" started-at="2022-08-09T15:14:37 IST" name="setUp" finished-at="2022-08-09T15:15:12 IST" duration-ms="35627" status="PASS">
          <reporter-output>
          </reporter-output>
        </test-method> <!-- setUp -->
        <test-method signature="passWordRest(java.lang.String)[pri:0, instance:com.hrm.testcases.ForgotPasswordTest@2f217633]" started-at="2022-08-09T15:15:12 IST" name="passWordRest" data-provider="Forgot_Password" finished-at="2022-08-09T15:15:17 IST" duration-ms="4756" status="FAIL">
          <params>
            <param index="0">
              <value>
                <![CDATA[subhash]]>
              </value>
            </param>
          </params>
          <exception class="java.lang.AssertionError">
            <message>
              <![CDATA[The following asserts failed:
expected [Please contact HR admin in order to reset the password] but found [Please contact HR admin in order to reset the password
Close]]]>
            </message>
            <full-stacktrace>
              <![CDATA[java.lang.AssertionError: The following asserts failed:
expected [Please contact HR admin in order to reset the password] but found [Please contact HR admin in order to reset the password
Close]
at org.testng.asserts.SoftAssert.assertAll(SoftAssert.java:47)
at org.testng.asserts.SoftAssert.assertAll(SoftAssert.java:31)
at com.hrm.testcases.ForgotPasswordTest.passWordRest(ForgotPasswordTest.java:28)
at java.base/jdk.internal.reflect.NativeMethodAccessorImpl.invoke0(Native Method)
at java.base/jdk.internal.reflect.NativeMethodAccessorImpl.invoke(NativeMethodAccessorImpl.java:77)
at java.base/jdk.internal.reflect.DelegatingMethodAccessorImpl.invoke(DelegatingMethodAccessorImpl.java:43)
at java.base/java.lang.reflect.Method.invoke(Method.java:568)
at org.testng.internal.MethodInvocationHelper.invokeMethod(MethodInvocationHelper.java:133)
at org.testng.internal.TestInvoker.invokeMethod(TestInvoker.java:598)
at org.testng.internal.TestInvoker.invokeTestMethod(TestInvoker.java:173)
at org.testng.internal.MethodRunner.runInSequence(MethodRunner.java:46)
at org.testng.internal.TestInvoker$MethodInvocationAgent.invoke(TestInvoker.java:824)
at org.testng.internal.TestInvoker.invokeTestMethods(TestInvoker.java:146)
at org.testng.internal.TestMethodWorker.invokeTestMethods(TestMethodWorker.java:146)
at org.testng.internal.TestMethodWorker.run(TestMethodWorker.java:128)
at java.base/java.util.ArrayList.forEach(ArrayList.java:1511)
at org.testng.TestRunner.privateRun(TestRunner.java:794)
at org.testng.TestRunner.run(TestRunner.java:596)
at org.testng.SuiteRunner.runTest(SuiteRunner.java:377)
at org.testng.SuiteRunner.runSequentially(SuiteRunner.java:371)
at org.testng.SuiteRunner.privateRun(SuiteRunner.java:332)
at org.testng.SuiteRunner.run(SuiteRunner.java:276)
at org.testng.SuiteRunnerWorker.runSuite(SuiteRunnerWorker.java:53)
at org.testng.SuiteRunnerWorker.run(SuiteRunnerWorker.java:96)
at org.testng.TestNG.runSuitesSequentially(TestNG.java:1212)
at org.testng.TestNG.runSuitesLocally(TestNG.java:1134)
at org.testng.TestNG.runSuites(TestNG.java:1063)
at org.testng.TestNG.run(TestNG.java:1031)
at org.testng.remote.AbstractRemoteTestNG.run(AbstractRemoteTestNG.java:115)
at org.testng.remote.RemoteTestNG.initAndRun(RemoteTestNG.java:251)
at org.testng.remote.RemoteTestNG.main(RemoteTestNG.java:77)
]]>
            </full-stacktrace>
          </exception> <!-- java.lang.AssertionError -->
          <reporter-output>
          </reporter-output>
        </test-method> <!-- passWordRest -->
        <test-method is-config="true" signature="tearDown(org.testng.ITestResult)[pri:0, instance:com.hrm.testcases.ForgotPasswordTest@2f217633]" started-at="2022-08-09T15:15:17 IST" name="tearDown" finished-at="2022-08-09T15:15:21 IST" duration-ms="3644" status="PASS">
          <params>
            <param index="0">
              <value>
                <![CDATA[[TestResult name=passWordRest status=FAILURE method=ForgotPasswordTest.passWordRest(java.lang.String)[pri:0, instance:com.hrm.testcases.ForgotPasswordTest@2f217633] output={null}]]]>
              </value>
            </param>
          </params>
          <reporter-output>
          </reporter-output>
        </test-method> <!-- tearDown -->
      </class> <!-- com.hrm.testcases.ForgotPasswordTest -->
      <class name="com.hrm.testcases.JobCategoryTest">
        <test-method is-config="true" signature="setUp()[pri:0, instance:com.hrm.testcases.JobCategoryTest@485966cc]" started-at="2022-08-09T15:21:32 IST" name="setUp" finished-at="2022-08-09T15:22:19 IST" duration-ms="47269" status="PASS">
          <reporter-output>
          </reporter-output>
        </test-method> <!-- setUp -->
        <test-method is-config="true" signature="login()[pri:0, instance:com.hrm.testcases.JobCategoryTest@485966cc]" started-at="2022-08-09T15:22:19 IST" name="login" finished-at="2022-08-09T15:22:29 IST" duration-ms="9878" status="PASS">
          <reporter-output>
          </reporter-output>
        </test-method> <!-- login -->
        <test-method signature="addJobCategory(java.lang.String)[pri:0, instance:com.hrm.testcases.JobCategoryTest@485966cc]" started-at="2022-08-09T15:22:29 IST" name="addJobCategory" data-provider="JobCategory_Data" finished-at="2022-08-09T15:22:45 IST" duration-ms="15812" status="PASS">
          <params>
            <param index="0">
              <value>
                <![CDATA[Test-QA]]>
              </value>
            </param>
          </params>
          <reporter-output>
          </reporter-output>
        </test-method> <!-- addJobCategory -->
        <test-method is-config="true" signature="tearDown(org.testng.ITestResult)[pri:0, instance:com.hrm.testcases.JobCategoryTest@485966cc]" started-at="2022-08-09T15:22:45 IST" name="tearDown" finished-at="2022-08-09T15:22:46 IST" duration-ms="1002" status="PASS">
          <params>
            <param index="0">
              <value>
                <![CDATA[[TestResult name=addJobCategory status=SUCCESS method=JobCategoryTest.addJobCategory(java.lang.String)[pri:0, instance:com.hrm.testcases.JobCategoryTest@485966cc] output={null}]]]>
              </value>
            </param>
          </params>
          <reporter-output>
          </reporter-output>
        </test-method> <!-- tearDown -->
      </class> <!-- com.hrm.testcases.JobCategoryTest -->
      <class name="com.hrm.testcases.HRMloginTest">
        <test-method is-config="true" signature="setUp()[pri:0, instance:com.hrm.testcases.HRMloginTest@7a419da4]" started-at="2022-08-09T15:10:34 IST" name="setUp" finished-at="2022-08-09T15:11:28 IST" duration-ms="54120" status="PASS">
          <reporter-output>
          </reporter-output>
        </test-method> <!-- setUp -->
        <test-method signature="invalidUsername()[pri:0, instance:com.hrm.testcases.HRMloginTest@7a419da4]" started-at="2022-08-09T15:11:28 IST" name="invalidUsername" finished-at="2022-08-09T15:11:37 IST" duration-ms="9659" status="PASS">
          <reporter-output>
          </reporter-output>
        </test-method> <!-- invalidUsername -->
        <test-method is-config="true" signature="tearDown(org.testng.ITestResult)[pri:0, instance:com.hrm.testcases.HRMloginTest@7a419da4]" started-at="2022-08-09T15:11:37 IST" name="tearDown" finished-at="2022-08-09T15:11:39 IST" duration-ms="1823" status="PASS">
          <params>
            <param index="0">
              <value>
                <![CDATA[[TestResult name=invalidUsername status=SUCCESS method=HRMloginTest.invalidUsername()[pri:0, instance:com.hrm.testcases.HRMloginTest@7a419da4] output={null}]]]>
              </value>
            </param>
          </params>
          <reporter-output>
          </reporter-output>
        </test-method> <!-- tearDown -->
        <test-method is-config="true" signature="setUp()[pri:0, instance:com.hrm.testcases.HRMloginTest@7a419da4]" started-at="2022-08-09T15:11:39 IST" name="setUp" finished-at="2022-08-09T15:12:38 IST" duration-ms="58865" status="PASS">
          <reporter-output>
          </reporter-output>
        </test-method> <!-- setUp -->
        <test-method signature="invalidpassword()[pri:0, instance:com.hrm.testcases.HRMloginTest@7a419da4]" started-at="2022-08-09T15:12:38 IST" name="invalidpassword" finished-at="2022-08-09T15:12:42 IST" duration-ms="3619" status="PASS">
          <reporter-output>
          </reporter-output>
        </test-method> <!-- invalidpassword -->
        <test-method is-config="true" signature="tearDown(org.testng.ITestResult)[pri:0, instance:com.hrm.testcases.HRMloginTest@7a419da4]" started-at="2022-08-09T15:12:42 IST" name="tearDown" finished-at="2022-08-09T15:12:44 IST" duration-ms="2082" status="PASS">
          <params>
            <param index="0">
              <value>
                <![CDATA[[TestResult name=invalidpassword status=SUCCESS method=HRMloginTest.invalidpassword()[pri:0, instance:com.hrm.testcases.HRMloginTest@7a419da4] output={null}]]]>
              </value>
            </param>
          </params>
          <reporter-output>
          </reporter-output>
        </test-method> <!-- tearDown -->
        <test-method is-config="true" signature="setUp()[pri:0, instance:com.hrm.testcases.HRMloginTest@7a419da4]" started-at="2022-08-09T15:12:48 IST" name="setUp" finished-at="2022-08-09T15:13:35 IST" duration-ms="47080" status="PASS">
          <reporter-output>
          </reporter-output>
        </test-method> <!-- setUp -->
        <test-method signature="loginHRMAdmin(java.lang.String,java.lang.String)[pri:0, instance:com.hrm.testcases.HRMloginTest@7a419da4]" started-at="2022-08-09T15:13:35 IST" name="loginHRMAdmin" data-provider="Login_Data" finished-at="2022-08-09T15:13:45 IST" duration-ms="9730" status="PASS">
          <params>
            <param index="0">
              <value>
                <![CDATA[Admin]]>
              </value>
            </param>
            <param index="1">
              <value>
                <![CDATA[admin123]]>
              </value>
            </param>
          </params>
          <reporter-output>
          </reporter-output>
        </test-method> <!-- loginHRMAdmin -->
        <test-method is-config="true" signature="tearDown(org.testng.ITestResult)[pri:0, instance:com.hrm.testcases.HRMloginTest@7a419da4]" started-at="2022-08-09T15:13:45 IST" name="tearDown" finished-at="2022-08-09T15:13:45 IST" duration-ms="876" status="PASS">
          <params>
            <param index="0">
              <value>
                <![CDATA[[TestResult name=loginHRMAdmin status=SUCCESS method=HRMloginTest.loginHRMAdmin(java.lang.String,java.lang.String)[pri:0, instance:com.hrm.testcases.HRMloginTest@7a419da4] output={null}]]]>
              </value>
            </param>
          </params>
          <reporter-output>
          </reporter-output>
        </test-method> <!-- tearDown -->
        <test-method is-config="true" signature="setUp()[pri:0, instance:com.hrm.testcases.HRMloginTest@7a419da4]" started-at="2022-08-09T15:13:45 IST" name="setUp" finished-at="2022-08-09T15:14:24 IST" duration-ms="38966" status="PASS">
          <reporter-output>
          </reporter-output>
        </test-method> <!-- setUp -->
        <test-method signature="validAdminLogin()[pri:0, instance:com.hrm.testcases.HRMloginTest@7a419da4]" started-at="2022-08-09T15:14:24 IST" name="validAdminLogin" finished-at="2022-08-09T15:14:35 IST" duration-ms="10874" status="PASS">
          <reporter-output>
          </reporter-output>
        </test-method> <!-- validAdminLogin -->
        <test-method is-config="true" signature="tearDown(org.testng.ITestResult)[pri:0, instance:com.hrm.testcases.HRMloginTest@7a419da4]" started-at="2022-08-09T15:14:35 IST" name="tearDown" finished-at="2022-08-09T15:14:37 IST" duration-ms="1224" status="PASS">
          <params>
            <param index="0">
              <value>
                <![CDATA[[TestResult name=validAdminLogin status=SUCCESS method=HRMloginTest.validAdminLogin()[pri:0, instance:com.hrm.testcases.HRMloginTest@7a419da4] output={null}]]]>
              </value>
            </param>
          </params>
          <reporter-output>
          </reporter-output>
        </test-method> <!-- tearDown -->
      </class> <!-- com.hrm.testcases.HRMloginTest -->
      <class name="com.hrm.testcases.JobTitlesTest">
        <test-method is-config="true" signature="setUp()[pri:0, instance:com.hrm.testcases.JobTitlesTest@43dac38f]" started-at="2022-08-09T15:17:21 IST" name="setUp" finished-at="2022-08-09T15:18:13 IST" duration-ms="52161" status="PASS">
          <reporter-output>
          </reporter-output>
        </test-method> <!-- setUp -->
        <test-method is-config="true" signature="login()[pri:0, instance:com.hrm.testcases.JobTitlesTest@43dac38f]" started-at="2022-08-09T15:18:13 IST" name="login" finished-at="2022-08-09T15:18:22 IST" duration-ms="9302" status="PASS">
          <reporter-output>
          </reporter-output>
        </test-method> <!-- login -->
        <test-method signature="addJobTitles(java.lang.String,java.lang.String,java.lang.String)[pri:0, instance:com.hrm.testcases.JobTitlesTest@43dac38f]" started-at="2022-08-09T15:18:22 IST" name="addJobTitles" data-provider="JobTitle_Data" finished-at="2022-08-09T15:18:40 IST" duration-ms="17559" status="PASS">
          <params>
            <param index="0">
              <value>
                <![CDATA[Assistant Manager-QA]]>
              </value>
            </param>
            <param index="1">
              <value>
                <![CDATA[QA-Automation]]>
              </value>
            </param>
            <param index="2">
              <value>
                <![CDATA[Note-Test]]>
              </value>
            </param>
          </params>
          <reporter-output>
          </reporter-output>
        </test-method> <!-- addJobTitles -->
        <test-method is-config="true" signature="tearDown(org.testng.ITestResult)[pri:0, instance:com.hrm.testcases.JobTitlesTest@43dac38f]" started-at="2022-08-09T15:18:40 IST" name="tearDown" finished-at="2022-08-09T15:18:41 IST" duration-ms="1178" status="PASS">
          <params>
            <param index="0">
              <value>
                <![CDATA[[TestResult name=addJobTitles status=SUCCESS method=JobTitlesTest.addJobTitles(java.lang.String,java.lang.String,java.lang.String)[pri:0, instance:com.hrm.testcases.JobTitlesTest@43dac38f] output={null}]]]>
              </value>
            </param>
          </params>
          <reporter-output>
          </reporter-output>
        </test-method> <!-- tearDown -->
      </class> <!-- com.hrm.testcases.JobTitlesTest -->
      <class name="com.hrm.testcases.EmploymentStatusTest">
        <test-method is-config="true" signature="setUp()[pri:0, instance:com.hrm.testcases.EmploymentStatusTest@342c38f8]" started-at="2022-08-09T15:18:41 IST" name="setUp" finished-at="2022-08-09T15:19:20 IST" duration-ms="39271" status="PASS">
          <reporter-output>
          </reporter-output>
        </test-method> <!-- setUp -->
        <test-method is-config="true" signature="login()[pri:0, instance:com.hrm.testcases.EmploymentStatusTest@342c38f8]" started-at="2022-08-09T15:19:20 IST" name="login" finished-at="2022-08-09T15:19:28 IST" duration-ms="7511" status="PASS">
          <reporter-output>
          </reporter-output>
        </test-method> <!-- login -->
        <test-method signature="addEmploymentStatus(java.lang.String)[pri:0, instance:com.hrm.testcases.EmploymentStatusTest@342c38f8]" started-at="2022-08-09T15:19:28 IST" name="addEmploymentStatus" data-provider="EmpStatus_Data" finished-at="2022-08-09T15:19:45 IST" duration-ms="16591" status="PASS">
          <params>
            <param index="0">
              <value>
                <![CDATA[FullTime-QA]]>
              </value>
            </param>
          </params>
          <reporter-output>
          </reporter-output>
        </test-method> <!-- addEmploymentStatus -->
        <test-method is-config="true" signature="tearDown(org.testng.ITestResult)[pri:0, instance:com.hrm.testcases.EmploymentStatusTest@342c38f8]" started-at="2022-08-09T15:19:45 IST" name="tearDown" finished-at="2022-08-09T15:19:46 IST" duration-ms="1610" status="PASS">
          <params>
            <param index="0">
              <value>
                <![CDATA[[TestResult name=addEmploymentStatus status=SUCCESS method=EmploymentStatusTest.addEmploymentStatus(java.lang.String)[pri:0, instance:com.hrm.testcases.EmploymentStatusTest@342c38f8] output={null}]]]>
              </value>
            </param>
          </params>
          <reporter-output>
          </reporter-output>
        </test-method> <!-- tearDown -->
      </class> <!-- com.hrm.testcases.EmploymentStatusTest -->
    </test> <!-- Test -->
  </suite> <!-- Suite -->
</testng-results>
